2021-03-06 00:00:01,440 INFO 1980 [egg-logrotator] app logger reload: got log-reload message
2021-03-06 04:30:00,846 INFO 1980 [-/127.0.0.1/-/1ms SCHEDULE /__schedule?path=/Users/lihong/gitrep/parasitic/parasitic_api/node_modules/egg-multipart/app/schedule/clean_tmpdir.js&type=worker&cron=0%2030%204%20*%20*%20*&immediate=false] [egg-multipart:CleanTmpdir] start clean tmpdir: "/var/folders/4b/zjx3wq3d7nvdkd0dbknhvwnh0000gn/T/egg-multipart-tmp/cms-api"
2021-03-06 04:30:00,853 INFO 1980 [-/127.0.0.1/-/8ms SCHEDULE /__schedule?path=/Users/lihong/gitrep/parasitic/parasitic_api/node_modules/egg-multipart/app/schedule/clean_tmpdir.js&type=worker&cron=0%2030%204%20*%20*%20*&immediate=false] [egg-multipart:CleanTmpdir] end
2021-03-06 09:12:02,943 INFO 4730 [egg:logger] init all loggers with options: {"dir":"/Users/lihong/gitrep/parasitic/parasitic_api/logs/cms-api","encoding":"utf8","env":"local","level":"INFO","consoleLevel":"INFO","disableConsoleAfterReady":false,"outputJSON":false,"buffer":true,"appLogName":"cms-api-web.log","coreLogName":"egg-web.log","agentLogName":"egg-agent.log","errorLogName":"common-error.log","coreLogger":{"consoleLevel":"WARN"},"allowDebugAtProd":false,"type":"application"}
2021-03-06 09:12:02,967 INFO 4730 [egg-multipart] stream mode enable
2021-03-06 09:12:02,968 INFO 4730 [egg-mysql] connecting root@localhost:3306/parasitic
2021-03-06 09:12:03,235 INFO 4730 [egg-static] starting static serve /public/ -> /Users/lihong/gitrep/parasitic/parasitic_api/app/public
2021-03-06 09:12:03,238 INFO 4730 [egg-security] use methodnoallow middleware
2021-03-06 09:12:03,238 INFO 4730 [egg-security] use noopen middleware
2021-03-06 09:12:03,239 INFO 4730 [egg-security] use nosniff middleware
2021-03-06 09:12:03,240 INFO 4730 [egg-security] use xssProtection middleware
2021-03-06 09:12:03,240 INFO 4730 [egg-security] use xframe middleware
2021-03-06 09:12:03,241 INFO 4730 [egg-security] use dta middleware
2021-03-06 09:12:03,241 INFO 4730 [egg-security] compose 6 middlewares into one security middleware
2021-03-06 09:12:03,293 INFO 4730 [egg:core] dump config after load, 5ms
2021-03-06 09:12:03,313 INFO 4730 [egg-watcher:application] watcher start success
2021-03-06 09:12:03,316 INFO 4730 [egg-mysql] instance[0] status OK, rds currentTime: Sat Mar 06 2021 09:12:03 GMT+0800 (China Standard Time)
2021-03-06 09:12:03,323 INFO 4730 [egg:core] dump config after ready, 6ms
2021-03-06 12:23:49,144 WARN 4730 [TCPBase] socket is closed by other side while there were still unhandled data in the socket buffer
2021-03-06 12:23:49,145 WARN 4730 [ClusterClient:Watcher] follower closed, and try to init it again
2021-03-06 13:49:04,850 INFO 5520 [egg:logger] init all loggers with options: {"dir":"/Users/lihong/gitrep/parasitic/parasitic_api/logs/cms-api","encoding":"utf8","env":"local","level":"INFO","consoleLevel":"INFO","disableConsoleAfterReady":false,"outputJSON":false,"buffer":true,"appLogName":"cms-api-web.log","coreLogName":"egg-web.log","agentLogName":"egg-agent.log","errorLogName":"common-error.log","coreLogger":{"consoleLevel":"WARN"},"allowDebugAtProd":false,"type":"application"}
2021-03-06 13:49:04,888 INFO 5520 [egg-multipart] stream mode enable
2021-03-06 13:49:04,889 INFO 5520 [egg-mysql] connecting root@localhost:3306/parasitic
2021-03-06 13:49:05,242 INFO 5520 [egg-static] starting static serve /public/ -> /Users/lihong/gitrep/parasitic/parasitic_api/app/public
2021-03-06 13:49:05,244 INFO 5520 [egg-security] use methodnoallow middleware
2021-03-06 13:49:05,244 INFO 5520 [egg-security] use noopen middleware
2021-03-06 13:49:05,245 INFO 5520 [egg-security] use nosniff middleware
2021-03-06 13:49:05,245 INFO 5520 [egg-security] use xssProtection middleware
2021-03-06 13:49:05,246 INFO 5520 [egg-security] use xframe middleware
2021-03-06 13:49:05,246 INFO 5520 [egg-security] use dta middleware
2021-03-06 13:49:05,246 INFO 5520 [egg-security] compose 6 middlewares into one security middleware
2021-03-06 13:49:05,306 INFO 5520 [egg:core] dump config after load, 20ms
2021-03-06 13:49:05,331 INFO 5520 [egg-watcher:application] watcher start success
2021-03-06 13:49:05,337 INFO 5520 [egg-mysql] instance[0] status OK, rds currentTime: Sat Mar 06 2021 13:49:05 GMT+0800 (China Standard Time)
2021-03-06 13:49:05,355 INFO 5520 [egg:core] dump config after ready, 16ms
2021-03-06 13:49:34,274 INFO 5552 [egg:logger] init all loggers with options: {"dir":"/Users/lihong/gitrep/parasitic/parasitic_api/logs/cms-api","encoding":"utf8","env":"local","level":"INFO","consoleLevel":"INFO","disableConsoleAfterReady":false,"outputJSON":false,"buffer":true,"appLogName":"cms-api-web.log","coreLogName":"egg-web.log","agentLogName":"egg-agent.log","errorLogName":"common-error.log","coreLogger":{"consoleLevel":"WARN"},"allowDebugAtProd":false,"type":"application"}
2021-03-06 13:49:34,335 INFO 5552 [egg-multipart] stream mode enable
2021-03-06 13:49:34,336 INFO 5552 [egg-mysql] connecting root@localhost:3306/parasitic
2021-03-06 13:49:34,544 INFO 5552 [egg-static] starting static serve /public/ -> /Users/lihong/gitrep/parasitic/parasitic_api/app/public
2021-03-06 13:49:34,546 INFO 5552 [egg-security] use methodnoallow middleware
2021-03-06 13:49:34,547 INFO 5552 [egg-security] use noopen middleware
2021-03-06 13:49:34,548 INFO 5552 [egg-security] use nosniff middleware
2021-03-06 13:49:34,549 INFO 5552 [egg-security] use xssProtection middleware
2021-03-06 13:49:34,549 INFO 5552 [egg-security] use xframe middleware
2021-03-06 13:49:34,550 INFO 5552 [egg-security] use dta middleware
2021-03-06 13:49:34,550 INFO 5552 [egg-security] compose 6 middlewares into one security middleware
2021-03-06 13:49:34,602 INFO 5552 [egg:core] dump config after load, 9ms
2021-03-06 13:49:34,632 INFO 5552 [egg-watcher:application] watcher start success
2021-03-06 13:49:34,636 INFO 5552 [egg-mysql] instance[0] status OK, rds currentTime: Sat Mar 06 2021 13:49:34 GMT+0800 (China Standard Time)
2021-03-06 13:49:34,651 INFO 5552 [egg:core] dump config after ready, 13ms
2021-03-06 13:50:35,765 INFO 5568 [egg:logger] init all loggers with options: {"dir":"/Users/lihong/gitrep/parasitic/parasitic_api/logs/cms-api","encoding":"utf8","env":"local","level":"INFO","consoleLevel":"INFO","disableConsoleAfterReady":false,"outputJSON":false,"buffer":true,"appLogName":"cms-api-web.log","coreLogName":"egg-web.log","agentLogName":"egg-agent.log","errorLogName":"common-error.log","coreLogger":{"consoleLevel":"WARN"},"allowDebugAtProd":false,"type":"application"}
2021-03-06 13:50:35,794 INFO 5568 [egg-multipart] stream mode enable
2021-03-06 13:50:35,794 INFO 5568 [egg-mysql] connecting root@localhost:3306/parasitic
2021-03-06 13:50:36,102 INFO 5568 [egg-static] starting static serve /public/ -> /Users/lihong/gitrep/parasitic/parasitic_api/app/public
2021-03-06 13:50:36,104 INFO 5568 [egg-security] use methodnoallow middleware
2021-03-06 13:50:36,105 INFO 5568 [egg-security] use noopen middleware
2021-03-06 13:50:36,106 INFO 5568 [egg-security] use nosniff middleware
2021-03-06 13:50:36,106 INFO 5568 [egg-security] use xssProtection middleware
2021-03-06 13:50:36,107 INFO 5568 [egg-security] use xframe middleware
2021-03-06 13:50:36,107 INFO 5568 [egg-security] use dta middleware
2021-03-06 13:50:36,107 INFO 5568 [egg-security] compose 6 middlewares into one security middleware
2021-03-06 13:50:36,160 INFO 5568 [egg:core] dump config after load, 4ms
2021-03-06 13:50:36,180 INFO 5568 [egg-watcher:application] watcher start success
2021-03-06 13:50:36,186 INFO 5568 [egg-mysql] instance[0] status OK, rds currentTime: Sat Mar 06 2021 13:50:36 GMT+0800 (China Standard Time)
2021-03-06 13:50:36,193 INFO 5568 [egg:core] dump config after ready, 5ms
2021-03-06 13:53:38,251 INFO 5588 [egg:logger] init all loggers with options: {"dir":"/Users/lihong/gitrep/parasitic/parasitic_api/logs/cms-api","encoding":"utf8","env":"local","level":"INFO","consoleLevel":"INFO","disableConsoleAfterReady":false,"outputJSON":false,"buffer":true,"appLogName":"cms-api-web.log","coreLogName":"egg-web.log","agentLogName":"egg-agent.log","errorLogName":"common-error.log","coreLogger":{"consoleLevel":"WARN"},"allowDebugAtProd":false,"type":"application"}
2021-03-06 13:53:38,281 INFO 5588 [egg-multipart] stream mode enable
2021-03-06 13:53:38,282 INFO 5588 [egg-mysql] connecting root@localhost:3306/parasitic
2021-03-06 13:53:38,526 INFO 5588 [egg-static] starting static serve /public/ -> /Users/lihong/gitrep/parasitic/parasitic_api/app/public
2021-03-06 13:53:38,529 INFO 5588 [egg-security] use methodnoallow middleware
2021-03-06 13:53:38,530 INFO 5588 [egg-security] use noopen middleware
2021-03-06 13:53:38,531 INFO 5588 [egg-security] use nosniff middleware
2021-03-06 13:53:38,532 INFO 5588 [egg-security] use xssProtection middleware
2021-03-06 13:53:38,533 INFO 5588 [egg-security] use xframe middleware
2021-03-06 13:53:38,534 INFO 5588 [egg-security] use dta middleware
2021-03-06 13:53:38,534 INFO 5588 [egg-security] compose 6 middlewares into one security middleware
2021-03-06 13:53:38,589 INFO 5588 [egg:core] dump config after load, 5ms
2021-03-06 13:53:38,606 INFO 5588 [egg-watcher:application] watcher start success
2021-03-06 13:53:38,612 INFO 5588 [egg-mysql] instance[0] status OK, rds currentTime: Sat Mar 06 2021 13:53:38 GMT+0800 (China Standard Time)
2021-03-06 13:53:38,619 INFO 5588 [egg:core] dump config after ready, 5ms
2021-03-06 13:54:03,609 INFO 5601 [egg:logger] init all loggers with options: {"dir":"/Users/lihong/gitrep/parasitic/parasitic_api/logs/cms-api","encoding":"utf8","env":"local","level":"INFO","consoleLevel":"INFO","disableConsoleAfterReady":false,"outputJSON":false,"buffer":true,"appLogName":"cms-api-web.log","coreLogName":"egg-web.log","agentLogName":"egg-agent.log","errorLogName":"common-error.log","coreLogger":{"consoleLevel":"WARN"},"allowDebugAtProd":false,"type":"application"}
2021-03-06 13:54:03,634 INFO 5601 [egg-multipart] stream mode enable
2021-03-06 13:54:03,635 INFO 5601 [egg-mysql] connecting root@localhost:3306/parasitic
2021-03-06 13:54:03,781 INFO 5601 [egg-static] starting static serve /public/ -> /Users/lihong/gitrep/parasitic/parasitic_api/app/public
2021-03-06 13:54:03,783 INFO 5601 [egg-security] use methodnoallow middleware
2021-03-06 13:54:03,784 INFO 5601 [egg-security] use noopen middleware
2021-03-06 13:54:03,784 INFO 5601 [egg-security] use nosniff middleware
2021-03-06 13:54:03,784 INFO 5601 [egg-security] use xssProtection middleware
2021-03-06 13:54:03,784 INFO 5601 [egg-security] use xframe middleware
2021-03-06 13:54:03,785 INFO 5601 [egg-security] use dta middleware
2021-03-06 13:54:03,785 INFO 5601 [egg-security] compose 6 middlewares into one security middleware
2021-03-06 13:54:03,821 INFO 5601 [egg:core] dump config after load, 5ms
2021-03-06 13:54:03,836 INFO 5601 [egg-watcher:application] watcher start success
2021-03-06 13:54:03,841 INFO 5601 [egg-mysql] instance[0] status OK, rds currentTime: Sat Mar 06 2021 13:54:03 GMT+0800 (China Standard Time)
2021-03-06 13:54:03,866 INFO 5601 [egg:core] dump config after ready, 23ms
