2021-03-06 04:30:00,849 INFO 1979 [Timer] /Users/lihong/gitrep/parasitic/parasitic_api/node_modules/egg-multipart/app/schedule/clean_tmpdir.js next time will execute after 86399156ms at 2021-03-07 04:30:00.005
2021-03-06 04:30:00,845 INFO 1980 [Job#1614976200844259756943599801] /Users/lihong/gitrep/parasitic/parasitic_api/node_modules/egg-multipart/app/schedule/clean_tmpdir.js executing by app
2021-03-06 04:30:00,853 INFO 1980 [Job#1614976200844259756943599801] /Users/lihong/gitrep/parasitic/parasitic_api/node_modules/egg-multipart/app/schedule/clean_tmpdir.js execute succeed, used 8ms. 
2021-03-06 09:12:02,967 INFO 4730 [egg-schedule]: register schedule /Users/lihong/gitrep/parasitic/parasitic_api/node_modules/egg-multipart/app/schedule/clean_tmpdir.js
2021-03-06 09:12:02,967 INFO 4730 [egg-schedule]: register schedule /Users/lihong/gitrep/parasitic/parasitic_api/node_modules/egg-logrotator/app/schedule/clean_log.js
2021-03-06 09:12:02,967 INFO 4730 [egg-schedule]: register schedule /Users/lihong/gitrep/parasitic/parasitic_api/node_modules/egg-logrotator/app/schedule/rotate_by_file.js
2021-03-06 09:12:03,330 INFO 4729 [Timer] /Users/lihong/gitrep/parasitic/parasitic_api/node_modules/egg-multipart/app/schedule/clean_tmpdir.js next time will execute after 69476673ms at 2021-03-07 04:30:00.003
2021-03-06 09:12:03,330 INFO 4729 [Timer] /Users/lihong/gitrep/parasitic/parasitic_api/node_modules/egg-logrotator/app/schedule/clean_log.js next time will execute after 53276670ms at 2021-03-07 00:00:00.000
2021-03-06 09:12:03,331 INFO 4729 [Timer] /Users/lihong/gitrep/parasitic/parasitic_api/node_modules/egg-logrotator/app/schedule/rotate_by_file.js next time will execute after 53277669ms at 2021-03-07 00:00:01.000
2021-03-06 13:49:04,887 INFO 5520 [egg-schedule]: register schedule /Users/lihong/gitrep/parasitic/parasitic_api/node_modules/egg-multipart/app/schedule/clean_tmpdir.js
2021-03-06 13:49:04,887 INFO 5520 [egg-schedule]: register schedule /Users/lihong/gitrep/parasitic/parasitic_api/node_modules/egg-logrotator/app/schedule/clean_log.js
2021-03-06 13:49:04,887 INFO 5520 [egg-schedule]: register schedule /Users/lihong/gitrep/parasitic/parasitic_api/node_modules/egg-logrotator/app/schedule/rotate_by_file.js
2021-03-06 13:49:34,334 INFO 5552 [egg-schedule]: register schedule /Users/lihong/gitrep/parasitic/parasitic_api/node_modules/egg-multipart/app/schedule/clean_tmpdir.js
2021-03-06 13:49:34,334 INFO 5552 [egg-schedule]: register schedule /Users/lihong/gitrep/parasitic/parasitic_api/node_modules/egg-logrotator/app/schedule/clean_log.js
2021-03-06 13:49:34,335 INFO 5552 [egg-schedule]: register schedule /Users/lihong/gitrep/parasitic/parasitic_api/node_modules/egg-logrotator/app/schedule/rotate_by_file.js
2021-03-06 13:50:35,793 INFO 5568 [egg-schedule]: register schedule /Users/lihong/gitrep/parasitic/parasitic_api/node_modules/egg-multipart/app/schedule/clean_tmpdir.js
2021-03-06 13:50:35,793 INFO 5568 [egg-schedule]: register schedule /Users/lihong/gitrep/parasitic/parasitic_api/node_modules/egg-logrotator/app/schedule/clean_log.js
2021-03-06 13:50:35,793 INFO 5568 [egg-schedule]: register schedule /Users/lihong/gitrep/parasitic/parasitic_api/node_modules/egg-logrotator/app/schedule/rotate_by_file.js
2021-03-06 13:53:38,281 INFO 5588 [egg-schedule]: register schedule /Users/lihong/gitrep/parasitic/parasitic_api/node_modules/egg-multipart/app/schedule/clean_tmpdir.js
2021-03-06 13:53:38,281 INFO 5588 [egg-schedule]: register schedule /Users/lihong/gitrep/parasitic/parasitic_api/node_modules/egg-logrotator/app/schedule/clean_log.js
2021-03-06 13:53:38,281 INFO 5588 [egg-schedule]: register schedule /Users/lihong/gitrep/parasitic/parasitic_api/node_modules/egg-logrotator/app/schedule/rotate_by_file.js
2021-03-06 13:54:03,633 INFO 5601 [egg-schedule]: register schedule /Users/lihong/gitrep/parasitic/parasitic_api/node_modules/egg-multipart/app/schedule/clean_tmpdir.js
2021-03-06 13:54:03,633 INFO 5601 [egg-schedule]: register schedule /Users/lihong/gitrep/parasitic/parasitic_api/node_modules/egg-logrotator/app/schedule/clean_log.js
2021-03-06 13:54:03,633 INFO 5601 [egg-schedule]: register schedule /Users/lihong/gitrep/parasitic/parasitic_api/node_modules/egg-logrotator/app/schedule/rotate_by_file.js
